<?xml version="1.0" encoding="UTF-8"?>
<testsuite xmlns:xsi="http://www.w3.org/2001/XMLSchema-instance" xsi:noNamespaceSchemaLocation="https://maven.apache.org/surefire/maven-surefire-plugin/xsd/surefire-test-report-3.0.xsd" version="3.0" name="TestSuite" time="17.138" tests="6" errors="0" skipped="0" failures="0">
  <properties>
    <property name="sun.desktop" value="gnome"/>
    <property name="awt.toolkit" value="sun.awt.X11.XToolkit"/>
    <property name="file.encoding.pkg" value="sun.io"/>
    <property name="java.specification.version" value="1.8"/>
    <property name="sun.cpu.isalist" value=""/>
    <property name="sun.jnu.encoding" value="UTF-8"/>
    <property name="java.class.path" value="/home/knolly/workspace/Agile_APIAutomation/target/test-classes:/home/knolly/workspace/Agile_APIAutomation/target/classes:/home/knolly/.m2/repository/io/rest-assured/rest-assured/4.1.2/rest-assured-4.1.2.jar:/home/knolly/.m2/repository/org/codehaus/groovy/groovy/2.5.8/groovy-2.5.8.jar:/home/knolly/.m2/repository/org/codehaus/groovy/groovy-xml/2.5.8/groovy-xml-2.5.8.jar:/home/knolly/.m2/repository/org/apache/httpcomponents/httpclient/4.5.3/httpclient-4.5.3.jar:/home/knolly/.m2/repository/org/apache/httpcomponents/httpcore/4.4.6/httpcore-4.4.6.jar:/home/knolly/.m2/repository/commons-logging/commons-logging/1.2/commons-logging-1.2.jar:/home/knolly/.m2/repository/commons-codec/commons-codec/1.9/commons-codec-1.9.jar:/home/knolly/.m2/repository/org/apache/httpcomponents/httpmime/4.5.3/httpmime-4.5.3.jar:/home/knolly/.m2/repository/org/hamcrest/hamcrest/2.1/hamcrest-2.1.jar:/home/knolly/.m2/repository/org/ccil/cowan/tagsoup/tagsoup/1.2.1/tagsoup-1.2.1.jar:/home/knolly/.m2/repository/io/rest-assured/json-schema-validator/4.1.2/json-schema-validator-4.1.2.jar:/home/knolly/.m2/repository/com/github/java-json-tools/json-schema-validator/2.2.10/json-schema-validator-2.2.10.jar:/home/knolly/.m2/repository/com/github/java-json-tools/json-schema-core/1.2.10/json-schema-core-1.2.10.jar:/home/knolly/.m2/repository/com/github/java-json-tools/jackson-coreutils/1.9/jackson-coreutils-1.9.jar:/home/knolly/.m2/repository/com/fasterxml/jackson/core/jackson-databind/2.2.3/jackson-databind-2.2.3.jar:/home/knolly/.m2/repository/com/fasterxml/jackson/core/jackson-annotations/2.2.3/jackson-annotations-2.2.3.jar:/home/knolly/.m2/repository/com/fasterxml/jackson/core/jackson-core/2.2.3/jackson-core-2.2.3.jar:/home/knolly/.m2/repository/com/google/guava/guava/16.0.1/guava-16.0.1.jar:/home/knolly/.m2/repository/com/github/fge/msg-simple/1.1/msg-simple-1.1.jar:/home/knolly/.m2/repository/com/github/fge/btf/1.2/btf-1.2.jar:/home/knolly/.m2/repository/com/github/fge/uri-template/0.9/uri-template-0.9.jar:/home/knolly/.m2/repository/org/mozilla/rhino/1.7.7.1/rhino-1.7.7.1.jar:/home/knolly/.m2/repository/javax/mail/mailapi/1.4.3/mailapi-1.4.3.jar:/home/knolly/.m2/repository/joda-time/joda-time/2.9.7/joda-time-2.9.7.jar:/home/knolly/.m2/repository/com/googlecode/libphonenumber/libphonenumber/8.0.0/libphonenumber-8.0.0.jar:/home/knolly/.m2/repository/com/google/code/findbugs/jsr305/3.0.1/jsr305-3.0.1.jar:/home/knolly/.m2/repository/net/sf/jopt-simple/jopt-simple/5.0.3/jopt-simple-5.0.3.jar:/home/knolly/.m2/repository/io/rest-assured/json-path/4.1.2/json-path-4.1.2.jar:/home/knolly/.m2/repository/org/codehaus/groovy/groovy-json/2.5.8/groovy-json-2.5.8.jar:/home/knolly/.m2/repository/io/rest-assured/rest-assured-common/4.1.2/rest-assured-common-4.1.2.jar:/home/knolly/.m2/repository/io/rest-assured/xml-path/4.1.2/xml-path-4.1.2.jar:/home/knolly/.m2/repository/org/apache/commons/commons-lang3/3.4/commons-lang3-3.4.jar:/home/knolly/.m2/repository/javax/xml/bind/jaxb-api/2.3.1/jaxb-api-2.3.1.jar:/home/knolly/.m2/repository/javax/activation/javax.activation-api/1.2.0/javax.activation-api-1.2.0.jar:/home/knolly/.m2/repository/com/sun/xml/bind/jaxb-osgi/2.3.0.1/jaxb-osgi-2.3.0.1.jar:/home/knolly/.m2/repository/org/apache/sling/org.apache.sling.javax.activation/0.1.0/org.apache.sling.javax.activation-0.1.0.jar:/home/knolly/.m2/repository/javax/activation/activation/1.1.1/activation-1.1.1.jar:/home/knolly/.m2/repository/org/testng/testng/6.14.3/testng-6.14.3.jar:/home/knolly/.m2/repository/com/beust/jcommander/1.72/jcommander-1.72.jar:/home/knolly/.m2/repository/org/apache-extras/beanshell/bsh/2.0b6/bsh-2.0b6.jar:/home/knolly/.m2/repository/org/hamcrest/java-hamcrest/2.0.0.0/java-hamcrest-2.0.0.0.jar:/home/knolly/.m2/repository/org/hamcrest/hamcrest-core/2.2/hamcrest-core-2.2.jar:/home/knolly/.m2/repository/org/hamcrest/hamcrest-library/2.2/hamcrest-library-2.2.jar:/home/knolly/.m2/repository/org/apache/logging/log4j/log4j-api/2.12.1/log4j-api-2.12.1.jar:/home/knolly/.m2/repository/org/apache/logging/log4j/log4j-core/2.12.1/log4j-core-2.12.1.jar:/home/knolly/.m2/repository/com/aventstack/extentreports/3.1.5/extentreports-3.1.5.jar:/home/knolly/.m2/repository/org/freemarker/freemarker/2.3.23/freemarker-2.3.23.jar:/home/knolly/.m2/repository/org/mongodb/mongodb-driver/3.3.0/mongodb-driver-3.3.0.jar:/home/knolly/.m2/repository/org/mongodb/bson/3.3.0/bson-3.3.0.jar:/home/knolly/.m2/repository/org/mongodb/mongodb-driver-core/3.3.0/mongodb-driver-core-3.3.0.jar:/home/knolly/.m2/repository/org/jsoup/jsoup/1.9.2/jsoup-1.9.2.jar:/home/knolly/.m2/repository/com/google/code/gson/gson/2.8.0/gson-2.8.0.jar:/home/knolly/.m2/repository/com/relevantcodes/extentreports/2.41.2/extentreports-2.41.2.jar:/home/knolly/.m2/repository/org/xerial/sqlite-jdbc/3.8.11.1/sqlite-jdbc-3.8.11.1.jar:"/>
    <property name="java.vm.vendor" value="Oracle Corporation"/>
    <property name="sun.arch.data.model" value="64"/>
    <property name="java.vendor.url" value="http://java.oracle.com/"/>
    <property name="user.timezone" value="Asia/Kolkata"/>
    <property name="java.vm.specification.version" value="1.8"/>
    <property name="os.name" value="Linux"/>
    <property name="user.country" value="IN"/>
    <property name="sun.java.launcher" value="SUN_STANDARD"/>
    <property name="sun.boot.library.path" value="/usr/lib/jvm/java-8-oracle/jre/lib/amd64"/>
    <property name="sun.java.command" value="/home/knolly/workspace/Agile_APIAutomation/target/surefire/surefirebooter4023891840261013030.jar /home/knolly/workspace/Agile_APIAutomation/target/surefire 2019-11-27T16-19-30_890-jvmRun1 surefire5174741166929568771tmp surefire_01595339276306459645tmp"/>
    <property name="surefire.test.class.path" value="/home/knolly/workspace/Agile_APIAutomation/target/test-classes:/home/knolly/workspace/Agile_APIAutomation/target/classes:/home/knolly/.m2/repository/io/rest-assured/rest-assured/4.1.2/rest-assured-4.1.2.jar:/home/knolly/.m2/repository/org/codehaus/groovy/groovy/2.5.8/groovy-2.5.8.jar:/home/knolly/.m2/repository/org/codehaus/groovy/groovy-xml/2.5.8/groovy-xml-2.5.8.jar:/home/knolly/.m2/repository/org/apache/httpcomponents/httpclient/4.5.3/httpclient-4.5.3.jar:/home/knolly/.m2/repository/org/apache/httpcomponents/httpcore/4.4.6/httpcore-4.4.6.jar:/home/knolly/.m2/repository/commons-logging/commons-logging/1.2/commons-logging-1.2.jar:/home/knolly/.m2/repository/commons-codec/commons-codec/1.9/commons-codec-1.9.jar:/home/knolly/.m2/repository/org/apache/httpcomponents/httpmime/4.5.3/httpmime-4.5.3.jar:/home/knolly/.m2/repository/org/hamcrest/hamcrest/2.1/hamcrest-2.1.jar:/home/knolly/.m2/repository/org/ccil/cowan/tagsoup/tagsoup/1.2.1/tagsoup-1.2.1.jar:/home/knolly/.m2/repository/io/rest-assured/json-schema-validator/4.1.2/json-schema-validator-4.1.2.jar:/home/knolly/.m2/repository/com/github/java-json-tools/json-schema-validator/2.2.10/json-schema-validator-2.2.10.jar:/home/knolly/.m2/repository/com/github/java-json-tools/json-schema-core/1.2.10/json-schema-core-1.2.10.jar:/home/knolly/.m2/repository/com/github/java-json-tools/jackson-coreutils/1.9/jackson-coreutils-1.9.jar:/home/knolly/.m2/repository/com/fasterxml/jackson/core/jackson-databind/2.2.3/jackson-databind-2.2.3.jar:/home/knolly/.m2/repository/com/fasterxml/jackson/core/jackson-annotations/2.2.3/jackson-annotations-2.2.3.jar:/home/knolly/.m2/repository/com/fasterxml/jackson/core/jackson-core/2.2.3/jackson-core-2.2.3.jar:/home/knolly/.m2/repository/com/google/guava/guava/16.0.1/guava-16.0.1.jar:/home/knolly/.m2/repository/com/github/fge/msg-simple/1.1/msg-simple-1.1.jar:/home/knolly/.m2/repository/com/github/fge/btf/1.2/btf-1.2.jar:/home/knolly/.m2/repository/com/github/fge/uri-template/0.9/uri-template-0.9.jar:/home/knolly/.m2/repository/org/mozilla/rhino/1.7.7.1/rhino-1.7.7.1.jar:/home/knolly/.m2/repository/javax/mail/mailapi/1.4.3/mailapi-1.4.3.jar:/home/knolly/.m2/repository/joda-time/joda-time/2.9.7/joda-time-2.9.7.jar:/home/knolly/.m2/repository/com/googlecode/libphonenumber/libphonenumber/8.0.0/libphonenumber-8.0.0.jar:/home/knolly/.m2/repository/com/google/code/findbugs/jsr305/3.0.1/jsr305-3.0.1.jar:/home/knolly/.m2/repository/net/sf/jopt-simple/jopt-simple/5.0.3/jopt-simple-5.0.3.jar:/home/knolly/.m2/repository/io/rest-assured/json-path/4.1.2/json-path-4.1.2.jar:/home/knolly/.m2/repository/org/codehaus/groovy/groovy-json/2.5.8/groovy-json-2.5.8.jar:/home/knolly/.m2/repository/io/rest-assured/rest-assured-common/4.1.2/rest-assured-common-4.1.2.jar:/home/knolly/.m2/repository/io/rest-assured/xml-path/4.1.2/xml-path-4.1.2.jar:/home/knolly/.m2/repository/org/apache/commons/commons-lang3/3.4/commons-lang3-3.4.jar:/home/knolly/.m2/repository/javax/xml/bind/jaxb-api/2.3.1/jaxb-api-2.3.1.jar:/home/knolly/.m2/repository/javax/activation/javax.activation-api/1.2.0/javax.activation-api-1.2.0.jar:/home/knolly/.m2/repository/com/sun/xml/bind/jaxb-osgi/2.3.0.1/jaxb-osgi-2.3.0.1.jar:/home/knolly/.m2/repository/org/apache/sling/org.apache.sling.javax.activation/0.1.0/org.apache.sling.javax.activation-0.1.0.jar:/home/knolly/.m2/repository/javax/activation/activation/1.1.1/activation-1.1.1.jar:/home/knolly/.m2/repository/org/testng/testng/6.14.3/testng-6.14.3.jar:/home/knolly/.m2/repository/com/beust/jcommander/1.72/jcommander-1.72.jar:/home/knolly/.m2/repository/org/apache-extras/beanshell/bsh/2.0b6/bsh-2.0b6.jar:/home/knolly/.m2/repository/org/hamcrest/java-hamcrest/2.0.0.0/java-hamcrest-2.0.0.0.jar:/home/knolly/.m2/repository/org/hamcrest/hamcrest-core/2.2/hamcrest-core-2.2.jar:/home/knolly/.m2/repository/org/hamcrest/hamcrest-library/2.2/hamcrest-library-2.2.jar:/home/knolly/.m2/repository/org/apache/logging/log4j/log4j-api/2.12.1/log4j-api-2.12.1.jar:/home/knolly/.m2/repository/org/apache/logging/log4j/log4j-core/2.12.1/log4j-core-2.12.1.jar:/home/knolly/.m2/repository/com/aventstack/extentreports/3.1.5/extentreports-3.1.5.jar:/home/knolly/.m2/repository/org/freemarker/freemarker/2.3.23/freemarker-2.3.23.jar:/home/knolly/.m2/repository/org/mongodb/mongodb-driver/3.3.0/mongodb-driver-3.3.0.jar:/home/knolly/.m2/repository/org/mongodb/bson/3.3.0/bson-3.3.0.jar:/home/knolly/.m2/repository/org/mongodb/mongodb-driver-core/3.3.0/mongodb-driver-core-3.3.0.jar:/home/knolly/.m2/repository/org/jsoup/jsoup/1.9.2/jsoup-1.9.2.jar:/home/knolly/.m2/repository/com/google/code/gson/gson/2.8.0/gson-2.8.0.jar:/home/knolly/.m2/repository/com/relevantcodes/extentreports/2.41.2/extentreports-2.41.2.jar:/home/knolly/.m2/repository/org/xerial/sqlite-jdbc/3.8.11.1/sqlite-jdbc-3.8.11.1.jar:"/>
    <property name="sun.cpu.endian" value="little"/>
    <property name="user.home" value="/home/knolly"/>
    <property name="user.language" value="en"/>
    <property name="java.specification.vendor" value="Oracle Corporation"/>
    <property name="java.home" value="/usr/lib/jvm/java-8-oracle/jre"/>
    <property name="basedir" value="/home/knolly/workspace/Agile_APIAutomation"/>
    <property name="file.separator" value="/"/>
    <property name="line.separator" value="&#10;"/>
    <property name="java.vm.specification.vendor" value="Oracle Corporation"/>
    <property name="java.specification.name" value="Java Platform API Specification"/>
    <property name="java.awt.graphicsenv" value="sun.awt.X11GraphicsEnvironment"/>
    <property name="surefire.real.class.path" value="/home/knolly/workspace/Agile_APIAutomation/target/surefire/surefirebooter4023891840261013030.jar"/>
    <property name="sun.boot.class.path" value="/usr/lib/jvm/java-8-oracle/jre/lib/resources.jar:/usr/lib/jvm/java-8-oracle/jre/lib/rt.jar:/usr/lib/jvm/java-8-oracle/jre/lib/sunrsasign.jar:/usr/lib/jvm/java-8-oracle/jre/lib/jsse.jar:/usr/lib/jvm/java-8-oracle/jre/lib/jce.jar:/usr/lib/jvm/java-8-oracle/jre/lib/charsets.jar:/usr/lib/jvm/java-8-oracle/jre/lib/jfr.jar:/usr/lib/jvm/java-8-oracle/jre/classes"/>
    <property name="sun.management.compiler" value="HotSpot 64-Bit Tiered Compilers"/>
    <property name="java.runtime.version" value="1.8.0_161-b12"/>
    <property name="user.name" value="knolly"/>
    <property name="path.separator" value=":"/>
    <property name="os.version" value="4.4.0-141-generic"/>
    <property name="java.endorsed.dirs" value="/usr/lib/jvm/java-8-oracle/jre/lib/endorsed"/>
    <property name="java.runtime.name" value="Java(TM) SE Runtime Environment"/>
    <property name="file.encoding" value="UTF-8"/>
    <property name="java.vm.name" value="Java HotSpot(TM) 64-Bit Server VM"/>
    <property name="localRepository" value="/home/knolly/.m2/repository"/>
    <property name="java.vendor.url.bug" value="http://bugreport.sun.com/bugreport/"/>
    <property name="java.io.tmpdir" value="/tmp"/>
    <property name="java.version" value="1.8.0_161"/>
    <property name="user.dir" value="/home/knolly/workspace/Agile_APIAutomation"/>
    <property name="os.arch" value="amd64"/>
    <property name="java.vm.specification.name" value="Java Virtual Machine Specification"/>
    <property name="java.awt.printerjob" value="sun.print.PSPrinterJob"/>
    <property name="sun.os.patch.level" value="unknown"/>
    <property name="java.library.path" value="/usr/java/packages/lib/amd64:/usr/lib64:/lib64:/lib:/usr/lib"/>
    <property name="java.vm.info" value="mixed mode"/>
    <property name="java.vendor" value="Oracle Corporation"/>
    <property name="java.vm.version" value="25.161-b12"/>
    <property name="java.ext.dirs" value="/usr/lib/jvm/java-8-oracle/jre/lib/ext:/usr/java/packages/lib/ext"/>
    <property name="sun.io.unicode.encoding" value="UnicodeLittle"/>
    <property name="java.class.version" value="52.0"/>
  </properties>
  <testcase name="post_gameStarted" classname="testcases.gameStarted" time="3.262"/>
  <testcase name="post_choosePrd" classname="testcases.choosePrd" time="0.661"/>
  <testcase name="post_addStories" classname="testcases.addStories" time="0.596"/>
  <testcase name="post_actionEndPoint" classname="testcases.actionEndPoint" time="2.242"/>
  <testcase name="get_leaderboard" classname="testcases.leaderboard" time="0.455"/>
  <testcase name="post_mailUserReport" classname="testcases.mailUserReport" time="8.321"/>
</testsuite>