<?xml version="1.0" encoding="UTF-8"?>
<!-- Generated by org.testng.reporters.JUnitReportReporter -->
<testsuite skipped="0" hostname="KNOLSKAPE-L31" name="testcases.gameStarted" tests="1" failures="0" timestamp="26 Nov 2019 10:07:14 GMT" time="3.800" errors="0">
  <testcase name="get_gameStarted" time="3.800" classname="testcases.gameStarted"/>
</testsuite> <!-- testcases.gameStarted -->
