<?xml version="1.0" encoding="UTF-8"?>
<!-- Generated by org.testng.reporters.JUnitReportReporter -->
<testsuite skipped="0" hostname="KNOLSKAPE-L102" name="testcases.setpriorities" tests="1" failures="0" timestamp="27 Nov 2019 06:20:48 GMT" time="3.415" errors="0">
  <testcase name="postSetPriorities" time="3.415" classname="testcases.setpriorities"/>
</testsuite> <!-- testcases.setpriorities -->
