<?xml version="1.0" encoding="UTF-8"?>
<!-- Generated by org.testng.reporters.JUnitReportReporter -->
<testsuite skipped="0" hostname="KNOLSKAPE-L31" name="testcases.AgameStarted" tests="1" failures="0" timestamp="27 Nov 2019 10:10:15 GMT" time="8.019" errors="0">
  <testcase name="post_gameStarted" time="8.019" classname="testcases.AgameStarted"/>
</testsuite> <!-- testcases.AgameStarted -->
