<?xml version="1.0" encoding="UTF-8"?>
<!-- Generated by org.testng.reporters.JUnitReportReporter -->
<testsuite skipped="0" hostname="KNOLSKAPE-L31" name="testcases.addStories" tests="1" failures="0" timestamp="27 Nov 2019 07:30:49 GMT" time="3.906" errors="0">
  <testcase name="post_addStories" time="3.906" classname="testcases.addStories"/>
</testsuite> <!-- testcases.addStories -->
