<?xml version="1.0" encoding="UTF-8"?>
<!-- Generated by org.testng.reporters.JUnitReportReporter -->
<testsuite skipped="0" hostname="KNOLSKAPE-L31" name="testcases.gameCompleted" tests="1" failures="0" timestamp="28 Nov 2019 08:33:51 GMT" time="4.002" errors="0">
  <testcase name="postGameCompleted" time="4.002" classname="testcases.gameCompleted"/>
</testsuite> <!-- testcases.gameCompleted -->
