<?xml version="1.0" encoding="UTF-8"?>
<!-- Generated by org.testng.reporters.JUnitReportReporter -->
<testsuite skipped="0" hostname="KNOLSKAPE-L31" name="testcases.setPriorities" tests="1" failures="0" timestamp="28 Nov 2019 08:34:19 GMT" time="4.415" errors="0">
  <testcase name="postSetPriorities" time="4.415" classname="testcases.setPriorities"/>
</testsuite> <!-- testcases.setPriorities -->
