<?xml version="1.0" encoding="UTF-8"?>
<!-- Generated by org.testng.reporters.JUnitReportReporter -->
<testsuite skipped="0" hostname="KNOLSKAPE-L31" name="testcases.leaderboard" tests="1" failures="0" timestamp="28 Nov 2019 08:21:33 GMT" time="4.192" errors="0">
  <testcase name="get_leaderboard" time="4.192" classname="testcases.leaderboard"/>
</testsuite> <!-- testcases.leaderboard -->
