<?xml version="1.0" encoding="UTF-8"?>
<!-- Generated by org.testng.reporters.JUnitReportReporter -->
<testsuite skipped="0" hostname="KNOLSKAPE-L31" name="testcases.endSprint" tests="1" failures="0" timestamp="28 Nov 2019 08:31:25 GMT" time="4.106" errors="0">
  <testcase name="postEndSprint" time="4.106" classname="testcases.endSprint"/>
</testsuite> <!-- testcases.endSprint -->
