<?xml version="1.0" encoding="UTF-8"?>
<!-- Generated by org.testng.reporters.JUnitReportReporter -->
<testsuite skipped="0" hostname="KNOLSKAPE-L102" name="testcases.game" tests="1" failures="0" timestamp="27 Nov 2019 07:11:41 GMT" time="8.322" errors="0">
  <testcase name="getGame" time="8.322" classname="testcases.game"/>
</testsuite> <!-- testcases.game -->
