<?xml version="1.0" encoding="UTF-8"?>
<!-- Generated by org.testng.reporters.JUnitReportReporter -->
<testsuite skipped="0" hostname="KNOLSKAPE-L31" name="testcases.leaderboard" tests="1" failures="0" timestamp="27 Nov 2019 09:13:37 GMT" time="4.585" errors="0">
  <testcase name="get_leaderboard" time="4.585" classname="testcases.leaderboard"/>
</testsuite> <!-- testcases.leaderboard -->
