<?xml version="1.0" encoding="UTF-8"?>
<!-- Generated by org.testng.reporters.JUnitReportReporter -->
<testsuite skipped="0" hostname="KNOLSKAPE-L31" name="testcases.FmailUserReport" tests="1" failures="0" timestamp="27 Nov 2019 10:10:15 GMT" time="8.067" errors="0">
  <testcase name="post_mailUserReport" time="8.067" classname="testcases.FmailUserReport"/>
</testsuite> <!-- testcases.FmailUserReport -->
