<?xml version="1.0" encoding="UTF-8"?>
<!-- Generated by org.testng.reporters.JUnitReportReporter -->
<testsuite skipped="0" hostname="KNOLSKAPE-L31" name="testcases.actionEndPoint" tests="1" failures="0" timestamp="28 Nov 2019 08:30:47 GMT" time="4.590" errors="0">
  <testcase name="post_actionEndPoint" time="4.590" classname="testcases.actionEndPoint"/>
</testsuite> <!-- testcases.actionEndPoint -->
