<?xml version="1.0" encoding="UTF-8"?>
<!-- Generated by org.testng.reporters.JUnitReportReporter -->
<testsuite skipped="0" hostname="KNOLSKAPE-L31" name="testcases.mailUserReport" tests="1" failures="0" timestamp="27 Nov 2019 09:48:30 GMT" time="12.534" errors="0">
  <testcase name="post_mailUserReport" time="12.534" classname="testcases.mailUserReport"/>
</testsuite> <!-- testcases.mailUserReport -->
