<?xml version="1.0" encoding="UTF-8"?>
<!-- Generated by org.testng.reporters.JUnitReportReporter -->
<testsuite skipped="0" hostname="KNOLSKAPE-L102" name="testcases.addStories" tests="1" failures="0" timestamp="28 Nov 2019 11:00:04 GMT" time="0.514" errors="0">
  <testcase name="post_addStories" time="0.514" classname="testcases.addStories"/>
</testsuite> <!-- testcases.addStories -->
