<?xml version="1.0" encoding="UTF-8"?>
<!-- Generated by org.testng.reporters.JUnitReportReporter -->
<testsuite skipped="0" hostname="KNOLSKAPE-L102" name="testcases.userReportDownload" tests="1" failures="0" timestamp="27 Nov 2019 06:59:25 GMT" time="4.476" errors="0">
  <testcase name="getUserReportDownload" time="4.476" classname="testcases.userReportDownload"/>
</testsuite> <!-- testcases.userReportDownload -->
