<?xml version="1.0" encoding="UTF-8"?>
<!-- Generated by org.testng.reporters.JUnitReportReporter -->
<testsuite skipped="0" hostname="KNOLSKAPE-L102" name="testcases.gameStarted" tests="1" failures="0" timestamp="28 Nov 2019 11:00:04 GMT" time="0.567" errors="0">
  <testcase name="post_gameStarted" time="0.567" classname="testcases.gameStarted"/>
</testsuite> <!-- testcases.gameStarted -->
