<?xml version="1.0" encoding="UTF-8"?>
<!-- Generated by org.testng.reporters.JUnitReportReporter -->
<testsuite skipped="0" hostname="KNOLSKAPE-L31" name="testcases.startSprint" tests="1" failures="0" timestamp="28 Nov 2019 08:34:39 GMT" time="4.175" errors="0">
  <testcase name="postStartSprint" time="4.175" classname="testcases.startSprint"/>
</testsuite> <!-- testcases.startSprint -->
