<?xml version="1.0" encoding="UTF-8"?>
<!-- Generated by org.testng.reporters.JUnitReportReporter -->
<testsuite skipped="0" hostname="KNOLSKAPE-L31" name="testcases.updatePhase" tests="1" failures="0" timestamp="28 Nov 2019 06:29:25 GMT" time="4.035" errors="0">
  <testcase name="putUpdatePhase" time="4.035" classname="testcases.updatePhase"/>
</testsuite> <!-- testcases.updatePhase -->
