<?xml version="1.0" encoding="UTF-8"?>
<!-- Generated by org.testng.reporters.JUnitReportReporter -->
<testsuite skipped="0" hostname="KNOLSKAPE-L31" name="testcases.DactionEndPoint" tests="1" failures="0" timestamp="27 Nov 2019 10:10:15 GMT" time="3.151" errors="0">
  <testcase name="post_actionEndPoint" time="3.151" classname="testcases.DactionEndPoint"/>
</testsuite> <!-- testcases.DactionEndPoint -->
