<?xml version="1.0" encoding="UTF-8"?>
<!-- Generated by org.testng.reporters.JUnitReportReporter -->
<testsuite skipped="0" hostname="KNOLSKAPE-L31" name="testcases.BchoosePrd" tests="1" failures="0" timestamp="27 Nov 2019 10:10:15 GMT" time="0.818" errors="0">
  <testcase name="post_choosePrd" time="0.818" classname="testcases.BchoosePrd"/>
</testsuite> <!-- testcases.BchoosePrd -->
