<?xml version="1.0" encoding="UTF-8"?>
<!-- Generated by org.testng.reporters.JUnitReportReporter -->
<testsuite skipped="0" hostname="KNOLSKAPE-L102" name="testcases.updatePhase" tests="1" failures="0" timestamp="28 Nov 2019 11:00:04 GMT" time="0.499" errors="0">
  <testcase name="putUpdatePhase" time="0.499" classname="testcases.updatePhase"/>
</testsuite> <!-- testcases.updatePhase -->
