<?xml version="1.0" encoding="UTF-8"?>
<!-- Generated by org.testng.reporters.JUnitReportReporter -->
<testsuite skipped="0" hostname="KNOLSKAPE-L31" name="testcases.Eleaderboard" tests="1" failures="0" timestamp="27 Nov 2019 10:10:15 GMT" time="0.574" errors="0">
  <testcase name="get_leaderboard" time="0.574" classname="testcases.Eleaderboard"/>
</testsuite> <!-- testcases.Eleaderboard -->
