<?xml version="1.0" encoding="UTF-8"?>
<!-- Generated by org.testng.reporters.JUnitReportReporter -->
<testsuite skipped="0" hostname="KNOLSKAPE-L31" name="testcases.addStories" tests="1" failures="0" timestamp="28 Nov 2019 08:30:58 GMT" time="4.920" errors="0">
  <testcase name="post_addStories" time="4.920" classname="testcases.addStories"/>
</testsuite> <!-- testcases.addStories -->
