<?xml version="1.0" encoding="UTF-8"?>
<!-- Generated by org.testng.reporters.JUnitReportReporter -->
<testsuite skipped="0" hostname="KNOLSKAPE-L31" name="testcases.choosePrd" tests="1" failures="0" timestamp="28 Nov 2019 08:31:09 GMT" time="3.737" errors="0">
  <testcase name="post_choosePrd" time="3.737" classname="testcases.choosePrd"/>
</testsuite> <!-- testcases.choosePrd -->
