<?xml version="1.0" encoding="UTF-8"?>
<!-- Generated by org.testng.reporters.JUnitReportReporter -->
<testsuite skipped="0" hostname="KNOLSKAPE-L31" name="testcases.choosePrd" tests="1" failures="0" timestamp="26 Nov 2019 11:01:57 GMT" time="2.862" errors="0">
  <testcase name="post_choosePrd" time="2.862" classname="testcases.choosePrd"/>
</testsuite> <!-- testcases.choosePrd -->
