<?xml version="1.0" encoding="UTF-8"?>
<!-- Generated by org.testng.reporters.JUnitReportReporter -->
<testsuite skipped="0" hostname="KNOLSKAPE-L102" name="testcases.choosePrd" tests="1" failures="0" timestamp="28 Nov 2019 11:00:04 GMT" time="0.510" errors="0">
  <testcase name="post_choosePrd" time="0.510" classname="testcases.choosePrd"/>
</testsuite> <!-- testcases.choosePrd -->
