<?xml version="1.0" encoding="UTF-8"?>
<!-- Generated by org.testng.reporters.JUnitReportReporter -->
<testsuite skipped="0" hostname="KNOLSKAPE-L31" name="testcases.gameStarted" tests="1" failures="0" timestamp="28 Nov 2019 08:28:10 GMT" time="4.240" errors="0">
  <testcase name="post_gameStarted" time="4.240" classname="testcases.gameStarted"/>
</testsuite> <!-- testcases.gameStarted -->
