<?xml version="1.0" encoding="UTF-8"?>
<!-- Generated by org.testng.reporters.JUnitReportReporter -->
<testsuite skipped="0" hostname="KNOLSKAPE-L31" name="testcases.actionEndPoint" tests="1" failures="0" timestamp="27 Nov 2019 09:04:15 GMT" time="5.659" errors="0">
  <testcase name="post_actionEndPoint" time="5.659" classname="testcases.actionEndPoint"/>
</testsuite> <!-- testcases.actionEndPoint -->
