<?xml version="1.0" encoding="UTF-8"?>
<!-- Generated by org.testng.reporters.JUnitReportReporter -->
<testsuite skipped="0" hostname="KNOLSKAPE-L102" name="testcases.gameCompleted" tests="1" failures="0" timestamp="27 Nov 2019 06:46:39 GMT" time="3.292" errors="0">
  <testcase name="postGameCompleted" time="3.292" classname="testcases.gameCompleted"/>
</testsuite> <!-- testcases.gameCompleted -->
