<?xml version="1.0" encoding="UTF-8"?>
<!-- Generated by org.testng.reporters.JUnitReportReporter -->
<testsuite skipped="0" hostname="KNOLSKAPE-L102" name="testcases.userReportDownload" tests="1" failures="0" timestamp="28 Nov 2019 11:00:04 GMT" time="6.860" errors="0">
  <testcase name="getUserReportDownload" time="6.860" classname="testcases.userReportDownload"/>
</testsuite> <!-- testcases.userReportDownload -->
