<?xml version="1.0" encoding="UTF-8"?>
<!-- Generated by org.testng.reporters.JUnitReportReporter -->
<testsuite skipped="0" hostname="KNOLSKAPE-L31" name="testcases.userReportDownload" tests="1" failures="0" timestamp="28 Nov 2019 09:34:30 GMT" time="4.264" errors="0">
  <testcase name="getUserReportDownload" time="4.264" classname="testcases.userReportDownload"/>
</testsuite> <!-- testcases.userReportDownload -->
