<?xml version="1.0" encoding="UTF-8"?>
<!-- Generated by org.testng.reporters.JUnitReportReporter -->
<testsuite skipped="0" hostname="KNOLSKAPE-L102" name="testcases.startSprint" tests="1" failures="0" timestamp="26 Nov 2019 10:58:53 GMT" time="3.602" errors="0">
  <testcase name="postStartSprint" time="3.602" classname="testcases.startSprint"/>
</testsuite> <!-- testcases.startSprint -->
