<?xml version="1.0" encoding="UTF-8"?>
<!-- Generated by org.testng.reporters.JUnitReportReporter -->
<testsuite skipped="0" hostname="KNOLSKAPE-L102" name="testcases.game" tests="1" failures="0" timestamp="28 Nov 2019 11:00:04 GMT" time="3.156" errors="0">
  <testcase name="getGame" time="3.156" classname="testcases.game"/>
</testsuite> <!-- testcases.game -->
