<?xml version="1.0" encoding="UTF-8"?>
<!-- Generated by org.testng.reporters.JUnitReportReporter -->
<testsuite skipped="0" hostname="KNOLSKAPE-L102" name="testcases.updatePhase" tests="1" failures="0" timestamp="26 Nov 2019 10:09:21 GMT" time="2.568" errors="0">
  <testcase name="putUpdatePhase" time="2.568" classname="testcases.updatePhase"/>
</testsuite> <!-- testcases.updatePhase -->
