<?xml version="1.0" encoding="UTF-8"?>
<!-- Generated by org.testng.reporters.JUnitReportReporter -->
<testsuite skipped="0" hostname="KNOLSKAPE-L102" name="testcases.endSprint" tests="1" failures="0" timestamp="27 Nov 2019 06:34:25 GMT" time="4.021" errors="0">
  <testcase name="postendSprint" time="4.021" classname="testcases.endSprint"/>
</testsuite> <!-- testcases.endSprint -->
