<?xml version="1.0" encoding="UTF-8"?>
<!-- Generated by org.testng.reporters.JUnitReportReporter -->
<testsuite skipped="0" hostname="KNOLSKAPE-L102" name="testcases.actionEndPoint" tests="1" failures="0" timestamp="28 Nov 2019 11:01:08 GMT" time="2.103" errors="0">
  <testcase name="post_actionEndPoint" time="2.103" classname="testcases.actionEndPoint"/>
</testsuite> <!-- testcases.actionEndPoint -->
