<?xml version="1.0" encoding="UTF-8"?>
<!-- Generated by org.testng.reporters.JUnitReportReporter -->
<testsuite skipped="0" hostname="KNOLSKAPE-L31" name="testcases.leaderboard" tests="1" failures="0" timestamp="27 Nov 2019 10:49:49 GMT" time="0.453" errors="0">
  <testcase name="get_leaderboard" time="0.453" classname="testcases.leaderboard"/>
</testsuite> <!-- testcases.leaderboard -->
