<?xml version="1.0" encoding="UTF-8"?>
<!-- Generated by org.testng.reporters.JUnitReportReporter -->
<testsuite skipped="0" hostname="KNOLSKAPE-L102" name="testcases.game" tests="1" failures="0" timestamp="28 Nov 2019 11:01:08 GMT" time="2.994" errors="0">
  <testcase name="getGame" time="2.994" classname="testcases.game"/>
</testsuite> <!-- testcases.game -->
