<?xml version="1.0" encoding="UTF-8"?>
<!-- Generated by org.testng.reporters.JUnitReportReporter -->
<testsuite skipped="0" hostname="KNOLSKAPE-L102" name="testcases.leaderboard" tests="1" failures="0" timestamp="28 Nov 2019 11:01:08 GMT" time="0.457" errors="0">
  <testcase name="get_leaderboard" time="0.457" classname="testcases.leaderboard"/>
</testsuite> <!-- testcases.leaderboard -->
