<?xml version="1.0" encoding="UTF-8"?>
<!-- Generated by org.testng.reporters.JUnitReportReporter -->
<testsuite skipped="0" hostname="KNOLSKAPE-L31" name="testcases.actionEndPoint" tests="1" failures="0" timestamp="27 Nov 2019 10:49:49 GMT" time="2.243" errors="0">
  <testcase name="post_actionEndPoint" time="2.243" classname="testcases.actionEndPoint"/>
</testsuite> <!-- testcases.actionEndPoint -->
