<?xml version="1.0" encoding="UTF-8"?>
<!-- Generated by org.testng.reporters.JUnitReportReporter -->
<testsuite skipped="0" hostname="KNOLSKAPE-L102" name="testcases.endSprint" tests="1" failures="0" timestamp="28 Nov 2019 11:01:08 GMT" time="0.669" errors="0">
  <testcase name="postEndSprint" time="0.669" classname="testcases.endSprint"/>
</testsuite> <!-- testcases.endSprint -->
